2025-12-13 10:24:47 | INFO | 启动 ViT CIFAR-10 训练
2025-12-13 10:24:47 | INFO | 日志文件: /kaggle/working/outputs/training_20251213_102447.log
2025-12-13 10:24:47 | INFO | ==================================================
2025-12-13 10:25:02 | INFO | 模型参数量: 5,526,346
2025-12-13 10:25:02 | INFO | 开始训练
2025-12-13 10:28:32 | INFO | Epoch 1/50 | T-Loss: 1.9727 T-Acc: 29.46% | V-Loss: 1.7574 V-Acc: 40.10%
2025-12-13 10:28:32 | INFO | ✓ 最佳模型已保存 (Acc: 40.10%)
2025-12-13 10:32:00 | INFO | Epoch 2/50 | T-Loss: 1.7786 T-Acc: 39.83% | V-Loss: 1.6509 V-Acc: 46.25%
2025-12-13 10:32:00 | INFO | ✓ 最佳模型已保存 (Acc: 46.25%)
2025-12-13 10:35:26 | INFO | Epoch 3/50 | T-Loss: 1.6806 T-Acc: 45.18% | V-Loss: 1.5490 V-Acc: 51.12%
2025-12-13 10:35:26 | INFO | ✓ 最佳模型已保存 (Acc: 51.12%)
2025-12-13 10:39:00 | INFO | Epoch 4/50 | T-Loss: 1.6110 T-Acc: 48.86% | V-Loss: 1.5801 V-Acc: 49.74%
2025-12-13 10:42:28 | INFO | Epoch 5/50 | T-Loss: 1.5620 T-Acc: 51.13% | V-Loss: 1.5706 V-Acc: 50.85%
2025-12-13 10:45:54 | INFO | Epoch 6/50 | T-Loss: 1.5211 T-Acc: 53.08% | V-Loss: 1.4868 V-Acc: 54.79%
2025-12-13 10:45:54 | INFO | ✓ 最佳模型已保存 (Acc: 54.79%)
2025-12-13 10:49:20 | INFO | Epoch 7/50 | T-Loss: 1.4807 T-Acc: 55.05% | V-Loss: 1.4450 V-Acc: 56.51%
2025-12-13 10:49:20 | INFO | ✓ 最佳模型已保存 (Acc: 56.51%)
2025-12-13 10:52:47 | INFO | Epoch 8/50 | T-Loss: 1.4492 T-Acc: 56.68% | V-Loss: 1.3752 V-Acc: 60.01%
2025-12-13 10:52:47 | INFO | ✓ 最佳模型已保存 (Acc: 60.01%)
2025-12-13 10:56:15 | INFO | Epoch 9/50 | T-Loss: 1.4153 T-Acc: 57.99% | V-Loss: 1.3575 V-Acc: 60.91%
2025-12-13 10:56:15 | INFO | ✓ 最佳模型已保存 (Acc: 60.91%)
2025-12-13 10:59:43 | INFO | Epoch 10/50 | T-Loss: 1.3865 T-Acc: 59.41% | V-Loss: 1.3383 V-Acc: 61.84%
2025-12-13 10:59:43 | INFO | ✓ 最佳模型已保存 (Acc: 61.84%)
2025-12-13 11:03:16 | INFO | Epoch 11/50 | T-Loss: 1.3565 T-Acc: 60.85% | V-Loss: 1.3017 V-Acc: 63.36%
2025-12-13 11:03:16 | INFO | ✓ 最佳模型已保存 (Acc: 63.36%)
2025-12-13 11:06:45 | INFO | Epoch 12/50 | T-Loss: 1.3227 T-Acc: 62.28% | V-Loss: 1.3729 V-Acc: 61.16%
2025-12-13 11:10:12 | INFO | Epoch 13/50 | T-Loss: 1.2917 T-Acc: 64.07% | V-Loss: 1.2280 V-Acc: 66.99%
2025-12-13 11:10:12 | INFO | ✓ 最佳模型已保存 (Acc: 66.99%)
2025-12-13 11:13:42 | INFO | Epoch 14/50 | T-Loss: 1.2651 T-Acc: 65.10% | V-Loss: 1.2214 V-Acc: 67.76%
2025-12-13 11:13:42 | INFO | ✓ 最佳模型已保存 (Acc: 67.76%)
2025-12-13 11:17:12 | INFO | Epoch 15/50 | T-Loss: 1.2412 T-Acc: 66.24% | V-Loss: 1.2189 V-Acc: 67.19%
2025-12-13 11:20:44 | INFO | Epoch 16/50 | T-Loss: 1.2110 T-Acc: 67.66% | V-Loss: 1.1864 V-Acc: 68.76%
2025-12-13 11:20:44 | INFO | ✓ 最佳模型已保存 (Acc: 68.76%)
2025-12-13 11:24:10 | INFO | Epoch 17/50 | T-Loss: 1.1807 T-Acc: 69.20% | V-Loss: 1.1871 V-Acc: 68.77%
2025-12-13 11:24:10 | INFO | ✓ 最佳模型已保存 (Acc: 68.77%)
2025-12-13 11:27:41 | INFO | Epoch 18/50 | T-Loss: 1.1611 T-Acc: 70.00% | V-Loss: 1.1320 V-Acc: 71.58%
2025-12-13 11:27:41 | INFO | ✓ 最佳模型已保存 (Acc: 71.58%)
2025-12-13 11:31:10 | INFO | Epoch 19/50 | T-Loss: 1.1409 T-Acc: 71.07% | V-Loss: 1.1135 V-Acc: 72.33%
2025-12-13 11:31:10 | INFO | ✓ 最佳模型已保存 (Acc: 72.33%)
2025-12-13 11:34:38 | INFO | Epoch 20/50 | T-Loss: 1.1163 T-Acc: 72.04% | V-Loss: 1.0881 V-Acc: 73.27%
2025-12-13 11:34:38 | INFO | ✓ 最佳模型已保存 (Acc: 73.27%)
2025-12-13 11:38:06 | INFO | Epoch 21/50 | T-Loss: 1.0980 T-Acc: 72.87% | V-Loss: 1.0903 V-Acc: 73.57%
2025-12-13 11:38:06 | INFO | ✓ 最佳模型已保存 (Acc: 73.57%)
2025-12-13 11:41:34 | INFO | Epoch 22/50 | T-Loss: 1.0801 T-Acc: 73.69% | V-Loss: 1.0568 V-Acc: 75.15%
2025-12-13 11:41:34 | INFO | ✓ 最佳模型已保存 (Acc: 75.15%)
2025-12-13 11:45:04 | INFO | Epoch 23/50 | T-Loss: 1.0592 T-Acc: 74.45% | V-Loss: 1.0504 V-Acc: 75.20%
2025-12-13 11:45:04 | INFO | ✓ 最佳模型已保存 (Acc: 75.20%)
2025-12-13 11:48:34 | INFO | Epoch 24/50 | T-Loss: 1.0388 T-Acc: 75.59% | V-Loss: 1.0650 V-Acc: 75.21%
2025-12-13 11:48:34 | INFO | ✓ 最佳模型已保存 (Acc: 75.21%)
2025-12-13 11:52:04 | INFO | Epoch 25/50 | T-Loss: 1.0209 T-Acc: 76.32% | V-Loss: 1.0222 V-Acc: 76.48%
2025-12-13 11:52:04 | INFO | ✓ 最佳模型已保存 (Acc: 76.48%)
2025-12-13 11:55:33 | INFO | Epoch 26/50 | T-Loss: 1.0039 T-Acc: 77.09% | V-Loss: 1.0729 V-Acc: 74.57%
2025-12-13 11:59:00 | INFO | Epoch 27/50 | T-Loss: 0.9912 T-Acc: 77.62% | V-Loss: 1.0136 V-Acc: 77.24%
2025-12-13 11:59:00 | INFO | ✓ 最佳模型已保存 (Acc: 77.24%)
2025-12-13 12:02:29 | INFO | Epoch 28/50 | T-Loss: 0.9732 T-Acc: 78.58% | V-Loss: 1.0233 V-Acc: 77.03%
2025-12-13 12:05:58 | INFO | Epoch 29/50 | T-Loss: 0.9559 T-Acc: 79.33% | V-Loss: 0.9966 V-Acc: 78.17%
2025-12-13 12:05:58 | INFO | ✓ 最佳模型已保存 (Acc: 78.17%)
2025-12-13 12:09:26 | INFO | Epoch 30/50 | T-Loss: 0.9401 T-Acc: 80.46% | V-Loss: 0.9999 V-Acc: 78.28%
2025-12-13 12:09:26 | INFO | ✓ 最佳模型已保存 (Acc: 78.28%)
2025-12-13 12:12:55 | INFO | Epoch 31/50 | T-Loss: 0.9244 T-Acc: 80.76% | V-Loss: 0.9885 V-Acc: 78.70%
2025-12-13 12:12:55 | INFO | ✓ 最佳模型已保存 (Acc: 78.70%)
2025-12-13 12:16:24 | INFO | Epoch 32/50 | T-Loss: 0.9072 T-Acc: 81.61% | V-Loss: 0.9754 V-Acc: 79.36%
2025-12-13 12:16:24 | INFO | ✓ 最佳模型已保存 (Acc: 79.36%)
2025-12-13 12:19:56 | INFO | Epoch 33/50 | T-Loss: 0.8931 T-Acc: 82.22% | V-Loss: 0.9631 V-Acc: 79.68%
2025-12-13 12:19:56 | INFO | ✓ 最佳模型已保存 (Acc: 79.68%)
2025-12-13 12:23:25 | INFO | Epoch 34/50 | T-Loss: 0.8776 T-Acc: 83.12% | V-Loss: 0.9814 V-Acc: 78.88%
2025-12-13 12:26:54 | INFO | Epoch 35/50 | T-Loss: 0.8688 T-Acc: 83.44% | V-Loss: 0.9562 V-Acc: 80.43%
2025-12-13 12:26:55 | INFO | ✓ 最佳模型已保存 (Acc: 80.43%)
2025-12-13 12:30:26 | INFO | Epoch 36/50 | T-Loss: 0.8532 T-Acc: 84.13% | V-Loss: 0.9584 V-Acc: 80.47%
2025-12-13 12:30:26 | INFO | ✓ 最佳模型已保存 (Acc: 80.47%)
2025-12-13 12:33:57 | INFO | Epoch 37/50 | T-Loss: 0.8390 T-Acc: 84.77% | V-Loss: 0.9623 V-Acc: 80.75%
2025-12-13 12:33:57 | INFO | ✓ 最佳模型已保存 (Acc: 80.75%)
2025-12-13 12:37:27 | INFO | Epoch 38/50 | T-Loss: 0.8235 T-Acc: 85.39% | V-Loss: 0.9402 V-Acc: 81.57%
2025-12-13 12:37:27 | INFO | ✓ 最佳模型已保存 (Acc: 81.57%)
2025-12-13 12:40:58 | INFO | Epoch 39/50 | T-Loss: 0.8152 T-Acc: 85.69% | V-Loss: 0.9375 V-Acc: 81.59%
2025-12-13 12:40:58 | INFO | ✓ 最佳模型已保存 (Acc: 81.59%)
2025-12-13 12:44:27 | INFO | Epoch 40/50 | T-Loss: 0.8041 T-Acc: 86.53% | V-Loss: 0.9339 V-Acc: 81.88%
2025-12-13 12:44:27 | INFO | ✓ 最佳模型已保存 (Acc: 81.88%)
2025-12-13 12:47:56 | INFO | Epoch 41/50 | T-Loss: 0.7929 T-Acc: 87.03% | V-Loss: 0.9354 V-Acc: 81.77%
2025-12-13 12:51:25 | INFO | Epoch 42/50 | T-Loss: 0.7862 T-Acc: 87.22% | V-Loss: 0.9269 V-Acc: 82.20%
2025-12-13 12:51:25 | INFO | ✓ 最佳模型已保存 (Acc: 82.20%)
2025-12-13 12:54:55 | INFO | Epoch 43/50 | T-Loss: 0.7771 T-Acc: 87.77% | V-Loss: 0.9325 V-Acc: 82.11%
2025-12-13 12:58:23 | INFO | Epoch 44/50 | T-Loss: 0.7748 T-Acc: 87.47% | V-Loss: 0.9337 V-Acc: 82.23%
2025-12-13 12:58:23 | INFO | ✓ 最佳模型已保存 (Acc: 82.23%)
2025-12-13 13:01:52 | INFO | Epoch 45/50 | T-Loss: 0.7641 T-Acc: 88.10% | V-Loss: 0.9265 V-Acc: 82.48%
2025-12-13 13:01:52 | INFO | ✓ 最佳模型已保存 (Acc: 82.48%)
2025-12-13 13:05:20 | INFO | Epoch 46/50 | T-Loss: 0.7594 T-Acc: 88.42% | V-Loss: 0.9266 V-Acc: 82.49%
2025-12-13 13:05:20 | INFO | ✓ 最佳模型已保存 (Acc: 82.49%)
2025-12-13 13:08:48 | INFO | Epoch 47/50 | T-Loss: 0.7554 T-Acc: 88.74% | V-Loss: 0.9299 V-Acc: 82.44%
2025-12-13 13:12:18 | INFO | Epoch 48/50 | T-Loss: 0.7544 T-Acc: 88.70% | V-Loss: 0.9225 V-Acc: 82.66%
2025-12-13 13:12:18 | INFO | ✓ 最佳模型已保存 (Acc: 82.66%)
2025-12-13 13:15:48 | INFO | Epoch 49/50 | T-Loss: 0.7523 T-Acc: 88.73% | V-Loss: 0.9265 V-Acc: 82.47%
2025-12-13 13:19:19 | INFO | Epoch 50/50 | T-Loss: 0.7509 T-Acc: 88.84% | V-Loss: 0.9267 V-Acc: 82.59%
2025-12-13 13:19:20 | INFO | 训练结束，最佳验证准确率: 82.66%
